#
# A fatal error has been detected by the Java Runtime Environment:
#
#  EXCEPTION_ACCESS_VIOLATION (0xc0000005) at pc=0x00007ffec53fac25, pid=20252, tid=25624
#
# JRE version: Java(TM) SE Runtime Environment (15.0.2+7) (build 15.0.2+7-27)
# Java VM: Java HotSpot(TM) 64-Bit Server VM (15.0.2+7-27, mixed mode, sharing, tiered, compressed oops, parallel gc, windows-amd64)
# Problematic frame:
# V  [jvm.dll+0x76ac25]
#
# No core dump will be written. Minidumps are not enabled by default on client versions of Windows
#
# If you would like to submit a bug report, please visit:
#   https://bugreport.java.com/bugreport/crash.jsp
#

---------------  S U M M A R Y ------------

Command Line: --add-modules=ALL-SYSTEM --add-opens=java.base/java.util=ALL-UNNAMED --add-opens=java.base/java.lang=ALL-UNNAMED -Declipse.application=org.eclipse.jdt.ls.core.id1 -Dosgi.bundles.defaultStartLevel=4 -Declipse.product=org.eclipse.jdt.ls.core.product -Dfile.encoding=utf8 -DwatchParentProcess=false -XX:+UseParallelGC -XX:GCTimeRatio=4 -XX:AdaptiveSizePolicyWeight=90 -Dsun.zip.disableMemoryMapping=true -Xmx1G -Xms100m c:\Users\Jared\.vscode\extensions\redhat.java-1.0.0\server\plugins\org.eclipse.equinox.launcher_1.6.400.v20210924-0641.jar -configuration c:\Users\Jared\AppData\Roaming\Code\User\globalStorage\redhat.java\1.0.0\config_win -data c:\Users\Jared\AppData\Roaming\Code\User\workspaceStorage\717bee0e3505266a9bf6a70bb022030f\redhat.java\jdt_ws

Host: AMD Ryzen 7 1800X Eight-Core Processor         , 16 cores, 31G,  Windows 10 , 64 bit Build 19041 (10.0.19041.1202)
Time: Sun Oct 31 17:07:16 2021 W. Australia Standard Time elapsed time: 3.282095 seconds (0d 0h 0m 3s)

---------------  T H R E A D  ---------------

Current thread (0x000001517d3ea5a0):  JavaThread "C2 CompilerThread7" daemon [_thread_in_native, id=25624, stack(0x0000003b8f100000,0x0000003b8f200000)]


Current CompileTask:
C2:   3282 3750       4       java.util.HashMap::get (19 bytes)

Stack: [0x0000003b8f100000,0x0000003b8f200000],  sp=0x0000003b8f1fabf8,  free space=1002k
Native frames: (J=compiled Java code, j=interpreted, Vv=VM code, C=native code)
V  [jvm.dll+0x76ac25]
V  [jvm.dll+0x279cf9]
V  [jvm.dll+0x27a054]
V  [jvm.dll+0x540794]
V  [jvm.dll+0x1f2cd4]
V  [jvm.dll+0x1ec588]
V  [jvm.dll+0x1e9867]
V  [jvm.dll+0x178567]
V  [jvm.dll+0x1f9225]
V  [jvm.dll+0x1f72cc]
V  [jvm.dll+0x74495d]
V  [jvm.dll+0x73d75a]
V  [jvm.dll+0x629c56]
C  [ucrtbase.dll+0x21bb2]
C  [KERNEL32.DLL+0x17034]
C  [ntdll.dll+0x52651]


siginfo: EXCEPTION_ACCESS_VIOLATION (0xc0000005), reading address 0xffffffffffffffff


Register to memory mapping:

RIP=0x00007ffec53fac25 jvm.dll
RAX=0x000001511aac1980 points into unknown readable memory: 0x000001510fdb0b78 | 78 0b db 0f 51 01 00 00
RBX=0x0000000000000018 is an unknown value
RCX=0x0000003b8f1face0 is pointing into the stack for thread: 0x000001517d3ea5a0
RDX=0x0000000000000018 is an unknown value
RSP=0x0000003b8f1fabf8 is pointing into the stack for thread: 0x000001517d3ea5a0
RBP=0x0000003b8f1fac70 is pointing into the stack for thread: 0x000001517d3ea5a0
RSI=0x0 is NULL
RDI=0x000000000000031f is an unknown value
R8 =0x000000000000031f is an unknown value
R9 =0x000001511af0f3a0 points into unknown readable memory: 0x0000000000000000 | 00 00 00 00 00 00 00 00
R10=0x000000000000003a is an unknown value
R11=0x000001511aac0a50 points into unknown readable memory: 0xffffffff00000001 | 01 00 00 00 ff ff ff ff
R12=0x0000003b8f1face0 is pointing into the stack for thread: 0x000001517d3ea5a0
R13=0x000001510fdb0b78 points into unknown readable memory: 0x00007ffec54dcb40 | 40 cb 4d c5 fe 7f 00 00
R14=0x0000000000000004 is an unknown value
R15=0x000001511af0f4e8 points into unknown readable memory: 0x000000b800000003 | 03 00 00 00 b8 00 00 00


Registers:
RAX=0x000001511aac1980, RBX=0x0000000000000018, RCX=0x0000003b8f1face0, RDX=0x0000000000000018
RSP=0x0000003b8f1fabf8, RBP=0x0000003b8f1fac70, RSI=0x0000000000000000, RDI=0x000000000000031f
R8 =0x000000000000031f, R9 =0x000001511af0f3a0, R10=0x000000000000003a, R11=0x000001511aac0a50
R12=0x0000003b8f1face0, R13=0x000001510fdb0b78, R14=0x0000000000000004, R15=0x000001511af0f4e8
RIP=0x00007ffec53fac25, EFLAGS=0x0000000000010202

Top of Stack: (sp=0x0000003b8f1fabf8)
0x0000003b8f1fabf8:   00007ffec4f09cf9 0000000000000018
0x0000003b8f1fac08:   000001511aac0a50 0000000000000000
0x0000003b8f1fac18:   0000000000000000 000001511af0f4e8
0x0000003b8f1fac28:   0000003a00000000 0000000000000000
0x0000003b8f1fac38:   00007ffe00000008 000001511aac1980
0x0000003b8f1fac48:   00007ffec51d2408 000001517e56af20
0x0000003b8f1fac58:   0000000000000000 0000015111593c50
0x0000003b8f1fac68:   0000003b8f1fb190 000001511aac0a50
0x0000003b8f1fac78:   0000000000000040 000001511af0f3a0
0x0000003b8f1fac88:   00007ffec4f0a054 000001511af0f3a0
0x0000003b8f1fac98:   000001511132c520 0000003b8f1fb190
0x0000003b8f1faca8:   000001511aac0a50 000001511aac0a50
0x0000003b8f1facb8:   000001517e56af20 0000015111593c50
0x0000003b8f1facc8:   0000000000018360 00000151115969c0
0x0000003b8f1facd8:   000001511159bc38 0000015100000002
0x0000003b8f1face8:   000001511aac1970 0000000000000002 

Instructions: (pc=0x00007ffec53fac25)
0x00007ffec53fab25:   00 06 00 00 06 06 06 06 06 06 06 06 06 06 06 06
0x00007ffec53fab35:   00 00 06 06 06 06 06 06 06 06 06 06 06 06 06 06
0x00007ffec53fab45:   06 06 03 03 06 06 06 06 06 06 06 06 06 06 06 06
0x00007ffec53fab55:   06 06 06 06 06 06 06 06 06 06 06 05 05 66 90 0e
0x00007ffec53fab65:   aa 76 00 0e aa 76 00 0e aa 76 00 0e aa 76 00 2a
0x00007ffec53fab75:   aa 76 00 2a aa 76 00 2a aa 76 00 2a aa 76 00 2a
0x00007ffec53fab85:   aa 76 00 f2 a9 76 00 f2 a9 76 00 0e aa 76 00 0e
0x00007ffec53fab95:   aa 76 00 cc cc cc cc cc cc cc cc 48 89 5c 24 08
0x00007ffec53faba5:   57 48 83 ec 20 c7 01 02 00 00 00 48 8b da 48 8b
0x00007ffec53fabb5:   42 18 48 8b f9 48 83 f8 ef 76 18 4c 8d 05 99 c3
0x00007ffec53fabc5:   0d 00 ba 10 00 00 00 48 8b cb e8 bc dd 92 ff 48
0x00007ffec53fabd5:   8b 43 18 48 8d 48 10 48 3b 4b 20 76 11 45 33 c0
0x00007ffec53fabe5:   48 8b cb 41 8d 50 10 e8 ef d9 92 ff eb 04 48 89
0x00007ffec53fabf5:   4b 18 48 89 47 08 33 c9 48 89 5f 18 48 8b 5c 24
0x00007ffec53fac05:   30 c7 47 10 02 00 00 00 89 08 48 8b 47 08 89 48
0x00007ffec53fac15:   04 48 8b c7 48 83 c4 20 5f c3 cc 48 89 5c 24 08
0x00007ffec53fac25:   57 48 83 ec 30 8d 5a 01 48 8b f9 85 db 74 04 85
0x00007ffec53fac35:   da 74 18 0f bd c3 ba 1f 00 00 00 b9 20 00 00 00
0x00007ffec53fac45:   2b d0 bb 01 00 00 00 2a ca d3 e3 3b 5f 10 76 2a
0x00007ffec53fac55:   44 8b 07 48 8b 57 08 48 8b 4f 18 44 8b cb 49 c1
0x00007ffec53fac65:   e1 02 49 c1 e0 02 c7 44 24 20 00 00 00 00 e8 38
0x00007ffec53fac75:   d3 92 ff 48 89 47 08 89 5f 10 8b 0f 44 8b c3 48
0x00007ffec53fac85:   8b 47 08 44 2b c1 49 c1 e0 02 33 d2 48 8d 0c 88
0x00007ffec53fac95:   e8 c8 f0 06 00 89 1f 48 8b 5c 24 40 48 83 c4 30
0x00007ffec53faca5:   5f c3 cc cc cc cc cc cc cc cc cc 8b 11 33 c0 85
0x00007ffec53facb5:   d2 74 15 4c 8b 41 08 0f 1f 40 00 41 83 3c 80 00
0x00007ffec53facc5:   75 09 ff c0 3b c2 72 f3 b0 01 c3 32 c0 c3 cc cc
0x00007ffec53facd5:   cc cc cc cc cc cc cc cc cc cc cc 40 53 48 83 ec
0x00007ffec53face5:   20 0f b6 c2 48 8b d9 83 f8 05 77 63 48 8d 0d 08
0x00007ffec53facf5:   53 89 ff 8b 94 81 7c ad 76 00 48 03 d1 ff e2 48
0x00007ffec53fad05:   c7 03 01 01 01 00 48 8b c3 48 83 c4 20 5b c3 48
0x00007ffec53fad15:   c7 03 01 01 02 00 48 8b c3 48 83 c4 20 5b c3 48 


Stack slot to memory mapping:
stack at sp + 0 slots: 0x00007ffec4f09cf9 jvm.dll
stack at sp + 1 slots: 0x0000000000000018 is an unknown value
stack at sp + 2 slots: 0x000001511aac0a50 points into unknown readable memory: 0xffffffff00000001 | 01 00 00 00 ff ff ff ff
stack at sp + 3 slots: 0x0 is NULL
stack at sp + 4 slots: 0x0 is NULL
stack at sp + 5 slots: 0x000001511af0f4e8 points into unknown readable memory: 0x000000b800000003 | 03 00 00 00 b8 00 00 00
stack at sp + 6 slots: 0x0000003a00000000 is an unknown value
stack at sp + 7 slots: 0x0 is NULL


---------------  P R O C E S S  ---------------

Threads class SMR info:
_java_thread_list=0x000001517e5b5d70, length=34, elements={
0x000001516f304010, 0x000001517b445220, 0x0000015179f24fd0, 0x000001517b4484e0,
0x000001517b448da0, 0x000001517b44af10, 0x000001517b456430, 0x000001517b458f70,
0x000001517b46c280, 0x000001517b560590, 0x000001517b56a410, 0x000001517b56aad0,
0x000001517b571980, 0x000001517b5b2ac0, 0x000001517b62e130, 0x000001517d2b6430,
0x000001517d393a80, 0x000001517d69bff0, 0x000001517d6891c0, 0x000001517d6a14f0,
0x000001517d59bbd0, 0x000001517e100460, 0x000001517e0f7870, 0x000001517e2a53a0,
0x000001517e2a5870, 0x000001517e2a7550, 0x000001517e2a4ed0, 0x000001517e2a7080,
0x000001517d3e7d20, 0x000001517e2a7a20, 0x000001517d3e8230, 0x000001517d3e8740,
0x000001517d3e9b80, 0x000001517d3ea5a0
}

Java Threads: ( => current thread )
  0x000001516f304010 JavaThread "main" [_thread_blocked, id=3824, stack(0x0000003b8c100000,0x0000003b8c200000)]
  0x000001517b445220 JavaThread "Reference Handler" daemon [_thread_blocked, id=15976, stack(0x0000003b8c400000,0x0000003b8c500000)]
  0x0000015179f24fd0 JavaThread "Finalizer" daemon [_thread_blocked, id=3468, stack(0x0000003b8c500000,0x0000003b8c600000)]
  0x000001517b4484e0 JavaThread "Signal Dispatcher" daemon [_thread_blocked, id=45024, stack(0x0000003b8c600000,0x0000003b8c700000)]
  0x000001517b448da0 JavaThread "Attach Listener" daemon [_thread_blocked, id=28756, stack(0x0000003b8c700000,0x0000003b8c800000)]
  0x000001517b44af10 JavaThread "Service Thread" daemon [_thread_blocked, id=7340, stack(0x0000003b8c800000,0x0000003b8c900000)]
  0x000001517b456430 JavaThread "C2 CompilerThread0" daemon [_thread_in_native, id=38084, stack(0x0000003b8c900000,0x0000003b8ca00000)]
  0x000001517b458f70 JavaThread "C1 CompilerThread0" daemon [_thread_blocked, id=14208, stack(0x0000003b8ca00000,0x0000003b8cb00000)]
  0x000001517b46c280 JavaThread "Sweeper thread" daemon [_thread_blocked, id=46908, stack(0x0000003b8cb00000,0x0000003b8cc00000)]
  0x000001517b560590 JavaThread "Common-Cleaner" daemon [_thread_blocked, id=1344, stack(0x0000003b8cc00000,0x0000003b8cd00000)]
  0x000001517b56a410 JavaThread "C1 CompilerThread1" daemon [_thread_blocked, id=49592, stack(0x0000003b8cd00000,0x0000003b8ce00000)]
  0x000001517b56aad0 JavaThread "C1 CompilerThread2" daemon [_thread_blocked, id=7352, stack(0x0000003b8ce00000,0x0000003b8cf00000)]
  0x000001517b571980 JavaThread "C1 CompilerThread3" daemon [_thread_blocked, id=14000, stack(0x0000003b8cf00000,0x0000003b8d000000)]
  0x000001517b5b2ac0 JavaThread "C2 CompilerThread1" daemon [_thread_in_native, id=41840, stack(0x0000003b8d000000,0x0000003b8d100000)]
  0x000001517b62e130 JavaThread "Notification Thread" daemon [_thread_blocked, id=27132, stack(0x0000003b8d100000,0x0000003b8d200000)]
  0x000001517d2b6430 JavaThread "C2 CompilerThread2" daemon [_thread_in_native, id=2268, stack(0x0000003b8d300000,0x0000003b8d400000)]
  0x000001517d393a80 JavaThread "Active Thread: Equinox Container: 31b47c51-9fea-4ad1-a66a-c5fbae69b726" [_thread_blocked, id=21116, stack(0x0000003b8d400000,0x0000003b8d500000)]
  0x000001517d69bff0 JavaThread "Framework Event Dispatcher: Equinox Container: 31b47c51-9fea-4ad1-a66a-c5fbae69b726" daemon [_thread_blocked, id=55040, stack(0x0000003b8d800000,0x0000003b8d900000)]
  0x000001517d6891c0 JavaThread "Start Level: Equinox Container: 31b47c51-9fea-4ad1-a66a-c5fbae69b726" daemon [_thread_blocked, id=50784, stack(0x0000003b8d900000,0x0000003b8da00000)]
  0x000001517d6a14f0 JavaThread "SCR Component Actor" daemon [_thread_blocked, id=16248, stack(0x0000003b8da00000,0x0000003b8db00000)]
  0x000001517d59bbd0 JavaThread "Timer-0" daemon [_thread_blocked, id=25780, stack(0x0000003b8db00000,0x0000003b8dc00000)]
  0x000001517e100460 JavaThread "Bundle File Closer" daemon [_thread_blocked, id=18528, stack(0x0000003b8dc00000,0x0000003b8dd00000)]
  0x000001517e0f7870 JavaThread "Worker-JM" [_thread_blocked, id=1464, stack(0x0000003b8dd00000,0x0000003b8de00000)]
  0x000001517e2a53a0 JavaThread "Worker-0: Repository registry initialization" [_thread_in_Java, id=26400, stack(0x0000003b8de00000,0x0000003b8df00000)]
  0x000001517e2a5870 JavaThread "Worker-1: Updating Maven Dependencies" [_thread_blocked, id=22964, stack(0x0000003b8e300000,0x0000003b8e400000)]
  0x000001517e2a7550 JavaThread "Java indexing" daemon [_thread_blocked, id=40260, stack(0x0000003b8e400000,0x0000003b8e500000)]
  0x000001517e2a4ed0 JavaThread "pool-2-thread-1" [_thread_blocked, id=32000, stack(0x0000003b8e700000,0x0000003b8e800000)]
  0x000001517e2a7080 JavaThread "Worker-2: Initialize Workspace" [_thread_in_Java, id=7848, stack(0x0000003b8e800000,0x0000003b8e900000)]
  0x000001517d3e7d20 JavaThread "C2 CompilerThread3" daemon [_thread_in_native, id=19536, stack(0x0000003b8ec00000,0x0000003b8ed00000)]
  0x000001517e2a7a20 JavaThread "Worker-3" [_thread_blocked, id=15200, stack(0x0000003b8ed00000,0x0000003b8ee00000)]
  0x000001517d3e8230 JavaThread "C2 CompilerThread4" daemon [_thread_in_native, id=28300, stack(0x0000003b8ee00000,0x0000003b8ef00000)]
  0x000001517d3e8740 JavaThread "C2 CompilerThread5" daemon [_thread_in_native, id=40232, stack(0x0000003b8ef00000,0x0000003b8f000000)]
  0x000001517d3e9b80 JavaThread "C2 CompilerThread6" daemon [_thread_in_native, id=14924, stack(0x0000003b8f000000,0x0000003b8f100000)]
=>0x000001517d3ea5a0 JavaThread "C2 CompilerThread7" daemon [_thread_in_native, id=25624, stack(0x0000003b8f100000,0x0000003b8f200000)]

Other Threads:
  0x000001517b442c50 VMThread "VM Thread" [stack: 0x0000003b8c300000,0x0000003b8c400000] [id=21728]
  0x000001517b6576c0 WatcherThread [stack: 0x0000003b8d200000,0x0000003b8d300000] [id=18972]
  0x000001516f31bb60 GCTaskThread "GC Thread#0" [stack: 0x0000003b8c200000,0x0000003b8c300000] [id=31752]
  0x000001517b644560 GCTaskThread "GC Thread#1" [stack: 0x0000003b8d500000,0x0000003b8d600000] [id=31364]
  0x000001517b645220 GCTaskThread "GC Thread#2" [stack: 0x0000003b8d600000,0x0000003b8d700000] [id=49792]
  0x000001517b645ee0 GCTaskThread "GC Thread#3" [stack: 0x0000003b8d700000,0x0000003b8d800000] [id=40952]
  0x000001517e2406d0 GCTaskThread "GC Thread#4" [stack: 0x0000003b8df00000,0x0000003b8e000000] [id=7676]
  0x000001517e240a00 GCTaskThread "GC Thread#5" [stack: 0x0000003b8e000000,0x0000003b8e100000] [id=20484]
  0x000001517e23f3b0 GCTaskThread "GC Thread#6" [stack: 0x0000003b8e100000,0x0000003b8e200000] [id=26108]
  0x000001517e242380 GCTaskThread "GC Thread#7" [stack: 0x0000003b8e200000,0x0000003b8e300000] [id=1728]
  0x000001517e240d30 GCTaskThread "GC Thread#8" [stack: 0x0000003b8e500000,0x0000003b8e600000] [id=18716]
  0x000001517e23f080 GCTaskThread "GC Thread#9" [stack: 0x0000003b8e600000,0x0000003b8e700000] [id=28272]
  0x000001517e2419f0 GCTaskThread "GC Thread#10" [stack: 0x0000003b8e900000,0x0000003b8ea00000] [id=33964]
  0x000001517e241d20 GCTaskThread "GC Thread#11" [stack: 0x0000003b8ea00000,0x0000003b8eb00000] [id=30224]
  0x000001517e23fa10 GCTaskThread "GC Thread#12" [stack: 0x0000003b8eb00000,0x0000003b8ec00000] [id=46544]

Threads with active compile tasks:
C2 CompilerThread0     3368 3241   !   4       org.eclipse.osgi.internal.loader.classpath.ClasspathManager::findLocalClass (210 bytes)
C2 CompilerThread1     3368 3737       4       jdk.internal.jrtfs.JrtPath::getFileName (78 bytes)
C2 CompilerThread2     3368 3720       4       jdk.internal.jrtfs.JrtFileSystem$$Lambda$240/0x0000000800f09e58::apply (16 bytes)
C2 CompilerThread3     3368 3742       4       jdk.internal.jimage.ImageLocation::getFullName (109 bytes)
C2 CompilerThread4     3369 3685   !   4       jdk.internal.jrtfs.JrtFileSystem::lookup (23 bytes)
C2 CompilerThread5     3369 3697       4       jdk.internal.jimage.ImageReader$SharedImageReader::makeDirectories (54 bytes)
C2 CompilerThread6     3369 3744       4       jdk.internal.jrtfs.SystemImage$1::findNode (9 bytes)
C2 CompilerThread7     3369 3750       4       java.util.HashMap::get (19 bytes)

VM state: not at safepoint (normal execution)

VM Mutex/Monitor currently owned by a thread: None

Heap address: 0x00000000c0000000, size: 1024 MB, Compressed Oops mode: 32-bit
CDS archive(s) mapped at: [0x0000000800000000-0x0000000800b50000-0x0000000800b50000), size 11862016, SharedBaseAddress: 0x0000000800000000, ArchiveRelocationMode: 0.
Compressed class space mapped at: 0x0000000800b50000-0x0000000840b50000, size: 1073741824
Narrow klass base: 0x0000000800000000, Narrow klass shift: 3, Narrow klass range: 0x100000000

GC Precious Log:
 CPUs: 16 total, 16 available
 Memory: 32695M
 Large Page Support: Disabled
 NUMA Support: Disabled
 Compressed Oops: Enabled (32-bit)
 Heap Min Capacity: 100M
 Heap Initial Capacity: 100M
 Heap Max Capacity: 1G
 Pre-touch: Disabled
 Parallel Workers: 13

Heap:
 PSYoungGen      total 31232K, used 10044K [0x00000000eab00000, 0x00000000ed080000, 0x0000000100000000)
  eden space 24576K, 15% used [0x00000000eab00000,0x00000000eaeac508,0x00000000ec300000)
  from space 6656K, 94% used [0x00000000eca00000,0x00000000ed022be8,0x00000000ed080000)
  to   space 6656K, 0% used [0x00000000ec380000,0x00000000ec380000,0x00000000eca00000)
 ParOldGen       total 68608K, used 12317K [0x00000000c0000000, 0x00000000c4300000, 0x00000000eab00000)
  object space 68608K, 17% used [0x00000000c0000000,0x00000000c0c07650,0x00000000c4300000)
 Metaspace       used 31917K, capacity 34079K, committed 34224K, reserved 1079296K
  class space    used 3250K, capacity 3994K, committed 4096K, reserved 1048576K

Card table byte_map: [0x000001516ecf0000,0x000001516ef00000] _byte_map_base: 0x000001516e6f0000

Marking Bits: (ParMarkBitMap*) 0x00007ffec572c0f0
 Begin Bits: [0x0000015177540000, 0x0000015178540000)
 End Bits:   [0x0000015178540000, 0x0000015179540000)

Polling page: 0x000001516eae0000

Metaspace:

Usage:
  Non-class:     29.38 MB capacity,    28.00 MB ( 95%) used,     1.34 MB (  5%) free+waste,    44.12 KB ( <1%) overhead. 
      Class:      3.90 MB capacity,     3.18 MB ( 81%) used,   721.12 KB ( 18%) free+waste,    20.88 KB ( <1%) overhead. 
       Both:     33.28 MB capacity,    31.17 MB ( 94%) used,     2.05 MB (  6%) free+waste,    65.00 KB ( <1%) overhead. 

Virtual space:
  Non-class space:       30.00 MB reserved,      29.42 MB ( 98%) committed 
      Class space:        1.00 GB reserved,       4.00 MB ( <1%) committed 
             Both:        1.03 GB reserved,      33.42 MB (  3%) committed 

Chunk freelists:
   Non-Class:  43.00 KB
       Class:  6.00 KB
        Both:  49.00 KB

MaxMetaspaceSize: 17179869184.00 GB
CompressedClassSpaceSize: 1.00 GB

CodeHeap 'non-profiled nmethods': size=119168Kb used=1546Kb max_used=1546Kb free=117621Kb
 bounds [0x0000015107ba0000, 0x0000015107e10000, 0x000001510f000000]
CodeHeap 'profiled nmethods': size=119104Kb used=7936Kb max_used=7936Kb free=111167Kb
 bounds [0x0000015100750000, 0x0000015100f20000, 0x0000015107ba0000]
CodeHeap 'non-nmethods': size=7488Kb used=2966Kb max_used=3030Kb free=4522Kb
 bounds [0x0000015100000000, 0x0000015100300000, 0x0000015100750000]
 total_blobs=4346 nmethods=3778 adapters=478
 compilation: enabled
              stopped_count=0, restarted_count=0
 full_count=0

Compilation events (20 events):
Event: 3.235 Thread 0x000001517b56a410 nmethod 3767 0x0000015100eec290 code [0x0000015100eec440, 0x0000015100eec638]
Event: 3.235 Thread 0x000001517d3ea5a0 3722       4       java.util.Properties::load0 (249 bytes)
Event: 3.236 Thread 0x000001517b571980 nmethod 3766 0x0000015100eec790 code [0x0000015100eec960, 0x0000015100eecce8]
Event: 3.236 Thread 0x000001517b571980 3768       3       org.eclipse.core.internal.resources.Resource::getResourceInfo (14 bytes)
Event: 3.236 Thread 0x000001517b571980 nmethod 3768 0x0000015100eece90 code [0x0000015100eed040, 0x0000015100eed248]
Event: 3.238 Thread 0x000001517b56aad0 nmethod 3760 0x0000015100eed310 code [0x0000015100eed4e0, 0x0000015100eedb68]
Event: 3.240 Thread 0x000001517b56a410 3769       1       org.eclipse.jdt.internal.core.PackageFragment::getElementType (2 bytes)
Event: 3.240 Thread 0x000001517b56a410 nmethod 3769 0x0000015107d06f90 code [0x0000015107d07120, 0x0000015107d071d8]
Event: 3.242 Thread 0x000001517b56a410 3770   !   3       org.eclipse.jdt.internal.compiler.impl.CompilerOptions::versionToJdkLevel (236 bytes)
Event: 3.244 Thread 0x000001517b571980 3771       3       org.eclipse.jdt.internal.core.JrtPackageFragmentRoot::getPackageFragment (10 bytes)
Event: 3.244 Thread 0x000001517b571980 nmethod 3771 0x0000015100eedd10 code [0x0000015100eedee0, 0x0000015100eee3e8]
Event: 3.246 Thread 0x000001517b56a410 nmethod 3770 0x0000015100eee610 code [0x0000015100eeea00, 0x0000015100ef06c8]
Event: 3.247 Thread 0x000001517b56a410 3772       3       org.eclipse.jdt.internal.core.JarPackageFragment::<init> (7 bytes)
Event: 3.247 Thread 0x000001517b56a410 nmethod 3772 0x0000015100ef1010 code [0x0000015100ef11e0, 0x0000015100ef1758]
Event: 3.249 Thread 0x000001517b56aad0 3774       3       org.eclipse.jdt.internal.compiler.impl.CompilerOptions::versionToJdkLevel (6 bytes)
Event: 3.249 Thread 0x000001517b56aad0 nmethod 3774 0x0000015100ef1990 code [0x0000015100ef1b20, 0x0000015100ef1c28]
Event: 3.250 Thread 0x000001517b571980 3775       3       org.eclipse.jdt.internal.core.JrtPackageFragmentRoot$1::visitPackage (14 bytes)
Event: 3.251 Thread 0x000001517b571980 nmethod 3775 0x0000015100ef1d10 code [0x0000015100ef1ec0, 0x0000015100ef2248]
Event: 3.251 Thread 0x000001517d3ea5a0 nmethod 3722 0x0000015107d07290 code [0x0000015107d07460, 0x0000015107d07b10]
Event: 3.251 Thread 0x000001517d3ea5a0 3750       4       java.util.HashMap::get (19 bytes)

GC Heap History (12 events):
Event: 0.719 GC heap before
{Heap before GC invocations=1 (full 0):
 PSYoungGen      total 29696K, used 25600K [0x00000000eab00000, 0x00000000ecc00000, 0x0000000100000000)
  eden space 25600K, 100% used [0x00000000eab00000,0x00000000ec400000,0x00000000ec400000)
  from space 4096K, 0% used [0x00000000ec800000,0x00000000ec800000,0x00000000ecc00000)
  to   space 4096K, 0% used [0x00000000ec400000,0x00000000ec400000,0x00000000ec800000)
 ParOldGen       total 68608K, used 0K [0x00000000c0000000, 0x00000000c4300000, 0x00000000eab00000)
  object space 68608K, 0% used [0x00000000c0000000,0x00000000c0000000,0x00000000c4300000)
 Metaspace       used 6948K, capacity 7265K, committed 7424K, reserved 1056768K
  class space    used 648K, capacity 698K, committed 768K, reserved 1048576K
}
Event: 0.727 GC heap after
{Heap after GC invocations=1 (full 0):
 PSYoungGen      total 29696K, used 4064K [0x00000000eab00000, 0x00000000ecc00000, 0x0000000100000000)
  eden space 25600K, 0% used [0x00000000eab00000,0x00000000eab00000,0x00000000ec400000)
  from space 4096K, 99% used [0x00000000ec400000,0x00000000ec7f83c8,0x00000000ec800000)
  to   space 4096K, 0% used [0x00000000ec800000,0x00000000ec800000,0x00000000ecc00000)
 ParOldGen       total 68608K, used 696K [0x00000000c0000000, 0x00000000c4300000, 0x00000000eab00000)
  object space 68608K, 1% used [0x00000000c0000000,0x00000000c00ae010,0x00000000c4300000)
 Metaspace       used 6948K, capacity 7265K, committed 7424K, reserved 1056768K
  class space    used 648K, capacity 698K, committed 768K, reserved 1048576K
}
Event: 1.362 GC heap before
{Heap before GC invocations=2 (full 0):
 PSYoungGen      total 29696K, used 29664K [0x00000000eab00000, 0x00000000ecc00000, 0x0000000100000000)
  eden space 25600K, 100% used [0x00000000eab00000,0x00000000ec400000,0x00000000ec400000)
  from space 4096K, 99% used [0x00000000ec400000,0x00000000ec7f83c8,0x00000000ec800000)
  to   space 4096K, 0% used [0x00000000ec800000,0x00000000ec800000,0x00000000ecc00000)
 ParOldGen       total 68608K, used 696K [0x00000000c0000000, 0x00000000c4300000, 0x00000000eab00000)
  object space 68608K, 1% used [0x00000000c0000000,0x00000000c00ae010,0x00000000c4300000)
 Metaspace       used 13952K, capacity 14777K, committed 14976K, reserved 1062912K
  class space    used 1334K, capacity 1617K, committed 1664K, reserved 1048576K
}
Event: 1.370 GC heap after
{Heap after GC invocations=2 (full 0):
 PSYoungGen      total 29696K, used 4086K [0x00000000eab00000, 0x00000000ecc00000, 0x0000000100000000)
  eden space 25600K, 0% used [0x00000000eab00000,0x00000000eab00000,0x00000000ec400000)
  from space 4096K, 99% used [0x00000000ec800000,0x00000000ecbfdab8,0x00000000ecc00000)
  to   space 4096K, 0% used [0x00000000ec400000,0x00000000ec400000,0x00000000ec800000)
 ParOldGen       total 68608K, used 5555K [0x00000000c0000000, 0x00000000c4300000, 0x00000000eab00000)
  object space 68608K, 8% used [0x00000000c0000000,0x00000000c056cf08,0x00000000c4300000)
 Metaspace       used 13952K, capacity 14777K, committed 14976K, reserved 1062912K
  class space    used 1334K, capacity 1617K, committed 1664K, reserved 1048576K
}
Event: 1.589 GC heap before
{Heap before GC invocations=3 (full 0):
 PSYoungGen      total 29696K, used 25493K [0x00000000eab00000, 0x00000000ecc00000, 0x0000000100000000)
  eden space 25600K, 83% used [0x00000000eab00000,0x00000000ebfe7c10,0x00000000ec400000)
  from space 4096K, 99% used [0x00000000ec800000,0x00000000ecbfdab8,0x00000000ecc00000)
  to   space 4096K, 0% used [0x00000000ec400000,0x00000000ec400000,0x00000000ec800000)
 ParOldGen       total 68608K, used 5555K [0x00000000c0000000, 0x00000000c4300000, 0x00000000eab00000)
  object space 68608K, 8% used [0x00000000c0000000,0x00000000c056cf08,0x00000000c4300000)
 Metaspace       used 20131K, capacity 21227K, committed 21296K, reserved 1069056K
  class space    used 1809K, capacity 2163K, committed 2176K, reserved 1048576K
}
Event: 1.592 GC heap after
{Heap after GC invocations=3 (full 0):
 PSYoungGen      total 29696K, used 4076K [0x00000000eab00000, 0x00000000ecc00000, 0x0000000100000000)
  eden space 25600K, 0% used [0x00000000eab00000,0x00000000eab00000,0x00000000ec400000)
  from space 4096K, 99% used [0x00000000ec400000,0x00000000ec7fb148,0x00000000ec800000)
  to   space 4096K, 0% used [0x00000000ec800000,0x00000000ec800000,0x00000000ecc00000)
 ParOldGen       total 68608K, used 6639K [0x00000000c0000000, 0x00000000c4300000, 0x00000000eab00000)
  object space 68608K, 9% used [0x00000000c0000000,0x00000000c067bd70,0x00000000c4300000)
 Metaspace       used 20131K, capacity 21227K, committed 21296K, reserved 1069056K
  class space    used 1809K, capacity 2163K, committed 2176K, reserved 1048576K
}
Event: 1.592 GC heap before
{Heap before GC invocations=4 (full 1):
 PSYoungGen      total 29696K, used 4076K [0x00000000eab00000, 0x00000000ecc00000, 0x0000000100000000)
  eden space 25600K, 0% used [0x00000000eab00000,0x00000000eab00000,0x00000000ec400000)
  from space 4096K, 99% used [0x00000000ec400000,0x00000000ec7fb148,0x00000000ec800000)
  to   space 4096K, 0% used [0x00000000ec800000,0x00000000ec800000,0x00000000ecc00000)
 ParOldGen       total 68608K, used 6639K [0x00000000c0000000, 0x00000000c4300000, 0x00000000eab00000)
  object space 68608K, 9% used [0x00000000c0000000,0x00000000c067bd70,0x00000000c4300000)
 Metaspace       used 20131K, capacity 21227K, committed 21296K, reserved 1069056K
  class space    used 1809K, capacity 2163K, committed 2176K, reserved 1048576K
}
Event: 1.608 GC heap after
{Heap after GC invocations=4 (full 1):
 PSYoungGen      total 29696K, used 0K [0x00000000eab00000, 0x00000000ecc00000, 0x0000000100000000)
  eden space 25600K, 0% used [0x00000000eab00000,0x00000000eab00000,0x00000000ec400000)
  from space 4096K, 0% used [0x00000000ec400000,0x00000000ec400000,0x00000000ec800000)
  to   space 4096K, 0% used [0x00000000ec800000,0x00000000ec800000,0x00000000ecc00000)
 ParOldGen       total 68608K, used 10345K [0x00000000c0000000, 0x00000000c4300000, 0x00000000eab00000)
  object space 68608K, 15% used [0x00000000c0000000,0x00000000c0a1a5c0,0x00000000c4300000)
 Metaspace       used 20131K, capacity 21227K, committed 21296K, reserved 1069056K
  class space    used 1809K, capacity 2163K, committed 2176K, reserved 1048576K
}
Event: 2.229 GC heap before
{Heap before GC invocations=5 (full 1):
 PSYoungGen      total 29696K, used 25600K [0x00000000eab00000, 0x00000000ecc00000, 0x0000000100000000)
  eden space 25600K, 100% used [0x00000000eab00000,0x00000000ec400000,0x00000000ec400000)
  from space 4096K, 0% used [0x00000000ec400000,0x00000000ec400000,0x00000000ec800000)
  to   space 4096K, 0% used [0x00000000ec800000,0x00000000ec800000,0x00000000ecc00000)
 ParOldGen       total 68608K, used 10345K [0x00000000c0000000, 0x00000000c4300000, 0x00000000eab00000)
  object space 68608K, 15% used [0x00000000c0000000,0x00000000c0a1a5c0,0x00000000c4300000)
 Metaspace       used 28090K, capacity 29902K, committed 30128K, reserved 1075200K
  class space    used 2814K, capacity 3515K, committed 3584K, reserved 1048576K
}
Event: 2.231 GC heap after
{Heap after GC invocations=5 (full 1):
 PSYoungGen      total 29696K, used 3523K [0x00000000eab00000, 0x00000000ecc00000, 0x0000000100000000)
  eden space 25600K, 0% used [0x00000000eab00000,0x00000000eab00000,0x00000000ec400000)
  from space 4096K, 86% used [0x00000000ec800000,0x00000000ecb70d88,0x00000000ecc00000)
  to   space 4096K, 0% used [0x00000000ec400000,0x00000000ec400000,0x00000000ec800000)
 ParOldGen       total 68608K, used 10353K [0x00000000c0000000, 0x00000000c4300000, 0x00000000eab00000)
  object space 68608K, 15% used [0x00000000c0000000,0x00000000c0a1c5c0,0x00000000c4300000)
 Metaspace       used 28090K, capacity 29902K, committed 30128K, reserved 1075200K
  class space    used 2814K, capacity 3515K, committed 3584K, reserved 1048576K
}
Event: 3.001 GC heap before
{Heap before GC invocations=6 (full 1):
 PSYoungGen      total 29696K, used 29123K [0x00000000eab00000, 0x00000000ecc00000, 0x0000000100000000)
  eden space 25600K, 100% used [0x00000000eab00000,0x00000000ec400000,0x00000000ec400000)
  from space 4096K, 86% used [0x00000000ec800000,0x00000000ecb70d88,0x00000000ecc00000)
  to   space 4096K, 0% used [0x00000000ec400000,0x00000000ec400000,0x00000000ec800000)
 ParOldGen       total 68608K, used 10353K [0x00000000c0000000, 0x00000000c4300000, 0x00000000eab00000)
  object space 68608K, 15% used [0x00000000c0000000,0x00000000c0a1c5c0,0x00000000c4300000)
 Metaspace       used 31462K, capacity 33558K, committed 33840K, reserved 1079296K
  class space    used 3189K, capacity 3927K, committed 3968K, reserved 1048576K
}
Event: 3.014 GC heap after
{Heap after GC invocations=6 (full 1):
 PSYoungGen      total 29184K, used 4074K [0x00000000eab00000, 0x00000000ed080000, 0x0000000100000000)
  eden space 25088K, 0% used [0x00000000eab00000,0x00000000eab00000,0x00000000ec380000)
  from space 4096K, 99% used [0x00000000ec400000,0x00000000ec7fa880,0x00000000ec800000)
  to   space 6656K, 0% used [0x00000000eca00000,0x00000000eca00000,0x00000000ed080000)
 ParOldGen       total 68608K, used 12309K [0x00000000c0000000, 0x00000000c4300000, 0x00000000eab00000)
  object space 68608K, 17% used [0x00000000c0000000,0x00000000c0c05650,0x00000000c4300000)
 Metaspace       used 31462K, capacity 33558K, committed 33840K, reserved 1079296K
  class space    used 3189K, capacity 3927K, committed 3968K, reserved 1048576K
}

Deoptimization events (20 events):
Event: 3.083 Thread 0x000001517e2a7080 DEOPT PACKING pc=0x0000015107cf36ec sp=0x0000003b8e8fe010
Event: 3.083 Thread 0x000001517e2a7080 DEOPT UNPACKING pc=0x000001510004e42f sp=0x0000003b8e8fdf80 mode 2
Event: 3.169 Thread 0x000001517e2a7080 Uncommon trap: trap_request=0xffffffc6 fr.pc=0x0000015107cf36ec relative=0x000000000000064c
Event: 3.169 Thread 0x000001517e2a7080 Uncommon trap: reason=bimorphic_or_optimized_type_check action=maybe_recompile pc=0x0000015107cf36ec method=java.util.HashMap.putVal(ILjava/lang/Object;Ljava/lang/Object;ZZ)Ljava/lang/Object; @ 203 c2
Event: 3.169 Thread 0x000001517e2a7080 DEOPT PACKING pc=0x0000015107cf36ec sp=0x0000003b8e8fdf70
Event: 3.169 Thread 0x000001517e2a7080 DEOPT UNPACKING pc=0x000001510004e42f sp=0x0000003b8e8fdee0 mode 2
Event: 3.173 Thread 0x000001517e2a7080 Uncommon trap: trap_request=0xffffffbe fr.pc=0x0000015107cae014 relative=0x0000000000001374
Event: 3.173 Thread 0x000001517e2a7080 Uncommon trap: reason=profile_predicate action=maybe_recompile pc=0x0000015107cae014 method=java.util.Properties.load0(Ljava/util/Properties$LineReader;)V @ 14 c2
Event: 3.173 Thread 0x000001517e2a7080 DEOPT PACKING pc=0x0000015107cae014 sp=0x0000003b8e8fbda0
Event: 3.173 Thread 0x000001517e2a7080 DEOPT UNPACKING pc=0x000001510004e42f sp=0x0000003b8e8fbd70 mode 2
Event: 3.173 Thread 0x000001517e2a7080 DEOPT PACKING pc=0x0000015100d167d6 sp=0x0000003b8e8fbca0
Event: 3.173 Thread 0x000001517e2a7080 DEOPT UNPACKING pc=0x000001510004e23f sp=0x0000003b8e8fb198 mode 0
Event: 3.173 Thread 0x000001517e2a7080 Uncommon trap: trap_request=0xffffffc6 fr.pc=0x0000015107cd2208 relative=0x0000000000002388
Event: 3.173 Thread 0x000001517e2a7080 Uncommon trap: reason=bimorphic_or_optimized_type_check action=maybe_recompile pc=0x0000015107cd2208 method=java.util.Properties.load0(Ljava/util/Properties$LineReader;)V @ 241 c2
Event: 3.173 Thread 0x000001517e2a7080 DEOPT PACKING pc=0x0000015107cd2208 sp=0x0000003b8e8fbd40
Event: 3.173 Thread 0x000001517e2a7080 DEOPT UNPACKING pc=0x000001510004e42f sp=0x0000003b8e8fbd60 mode 2
Event: 3.224 Thread 0x000001517e2a7080 Uncommon trap: trap_request=0xffffff45 fr.pc=0x0000015107cf85dc relative=0x000000000000051c
Event: 3.224 Thread 0x000001517e2a7080 Uncommon trap: reason=unstable_if action=reinterpret pc=0x0000015107cf85dc method=java.util.HashMap.getNode(Ljava/lang/Object;)Ljava/util/HashMap$Node; @ 131 c2
Event: 3.224 Thread 0x000001517e2a7080 DEOPT PACKING pc=0x0000015107cf85dc sp=0x0000003b8e8fdfe0
Event: 3.224 Thread 0x000001517e2a7080 DEOPT UNPACKING pc=0x000001510004e42f sp=0x0000003b8e8fdf60 mode 2

Classes unloaded (0 events):
No events

Classes redefined (0 events):
No events

Internal exceptions (20 events):
Event: 2.428 Thread 0x000001517e2a7080 Exception <a 'sun/nio/fs/WindowsException'{0x00000000eb3b2960}> (0x00000000eb3b2960) 
thrown [./open/src/hotspot/share/prims/jni.cpp, line 578]
Event: 2.434 Thread 0x000001517e2a7080 Exception <a 'sun/nio/fs/WindowsException'{0x00000000eb3c8170}> (0x00000000eb3c8170) 
thrown [./open/src/hotspot/share/prims/jni.cpp, line 578]
Event: 2.437 Thread 0x000001517e2a7080 Exception <a 'sun/nio/fs/WindowsException'{0x00000000eb3cc058}> (0x00000000eb3cc058) 
thrown [./open/src/hotspot/share/prims/jni.cpp, line 578]
Event: 2.442 Thread 0x000001517e2a7080 Exception <a 'sun/nio/fs/WindowsException'{0x00000000eb3d05e8}> (0x00000000eb3d05e8) 
thrown [./open/src/hotspot/share/prims/jni.cpp, line 578]
Event: 2.504 Thread 0x000001517e2a7080 Exception <a 'sun/nio/fs/WindowsException'{0x00000000eb425700}> (0x00000000eb425700) 
thrown [./open/src/hotspot/share/prims/jni.cpp, line 578]
Event: 2.542 Thread 0x000001517e2a7080 Exception <a 'sun/nio/fs/WindowsException'{0x00000000eb45bcf8}> (0x00000000eb45bcf8) 
thrown [./open/src/hotspot/share/prims/jni.cpp, line 578]
Event: 2.546 Thread 0x000001517e2a7080 Exception <a 'sun/nio/fs/WindowsException'{0x00000000eb45f700}> (0x00000000eb45f700) 
thrown [./open/src/hotspot/share/prims/jni.cpp, line 578]
Event: 2.552 Thread 0x000001517e2a7080 Exception <a 'sun/nio/fs/WindowsException'{0x00000000eb462cc0}> (0x00000000eb462cc0) 
thrown [./open/src/hotspot/share/prims/jni.cpp, line 578]
Event: 2.563 Thread 0x000001517e2a7080 Exception <a 'sun/nio/fs/WindowsException'{0x00000000eb466458}> (0x00000000eb466458) 
thrown [./open/src/hotspot/share/prims/jni.cpp, line 578]
Event: 2.574 Thread 0x000001517e2a7080 Exception <a 'sun/nio/fs/WindowsException'{0x00000000eb46d950}> (0x00000000eb46d950) 
thrown [./open/src/hotspot/share/prims/jni.cpp, line 578]
Event: 2.593 Thread 0x000001517e2a7080 Exception <a 'sun/nio/fs/WindowsException'{0x00000000eb47a240}> (0x00000000eb47a240) 
thrown [./open/src/hotspot/share/prims/jni.cpp, line 578]
Event: 2.601 Thread 0x000001517e2a7080 Exception <a 'java/io/FileNotFoundException'{0x00000000eb480720}> (0x00000000eb480720) 
thrown [./open/src/hotspot/share/prims/jni.cpp, line 578]
Event: 2.611 Thread 0x000001517e2a7080 Exception <a 'sun/nio/fs/WindowsException'{0x00000000eb4ac550}> (0x00000000eb4ac550) 
thrown [./open/src/hotspot/share/prims/jni.cpp, line 578]
Event: 2.638 Thread 0x000001517e2a7080 Exception <a 'java/io/FileNotFoundException'{0x00000000eb4e5f18}> (0x00000000eb4e5f18) 
thrown [./open/src/hotspot/share/prims/jni.cpp, line 578]
Event: 2.641 Thread 0x000001517e2a7080 Exception <a 'java/io/FileNotFoundException'{0x00000000eb4f04b0}> (0x00000000eb4f04b0) 
thrown [./open/src/hotspot/share/prims/jni.cpp, line 578]
Event: 2.642 Thread 0x000001517e2a7080 Exception <a 'java/io/FileNotFoundException'{0x00000000eb4f1928}> (0x00000000eb4f1928) 
thrown [./open/src/hotspot/share/prims/jni.cpp, line 578]
Event: 2.649 Thread 0x000001517e2a7080 Exception <a 'sun/nio/fs/WindowsException'{0x00000000eb4fa330}> (0x00000000eb4fa330) 
thrown [./open/src/hotspot/share/prims/jni.cpp, line 578]
Event: 2.693 Thread 0x000001517e2a7080 Exception <a 'java/lang/NoSuchMethodError'{0x00000000eb5cb3b0}: 'java.lang.Object java.lang.invoke.Invokers$Holder.invoke_MT(java.lang.Object, java.lang.Object, java.lang.Object)'> (0x00000000eb5cb3b0) 
thrown [./open/src/hotspot/share/interpreter/linkResolver.cpp, line 782]
Event: 3.161 Thread 0x000001517e2a7080 Exception <a 'java/io/FileNotFoundException'{0x00000000eb6206e0}> (0x00000000eb6206e0) 
thrown [./open/src/hotspot/share/prims/jni.cpp, line 578]
Event: 3.163 Thread 0x000001517e2a7080 Exception <a 'java/lang/NoSuchMethodError'{0x00000000eb639508}: 'void java.lang.invoke.DirectMethodHandle$Holder.invokeStaticInit(java.lang.Object, java.lang.Object, java.lang.Object)'> (0x00000000eb639508) 
thrown [./open/src/hotspot/share/interpreter/linkResolver.cpp, line 782]

Events (20 events):
Event: 2.899 Executing VM operation: ICBufferFull
Event: 2.919 loading class java/nio/channels/Channels$ReadableByteChannelImpl
Event: 2.919 loading class java/nio/channels/Channels$ReadableByteChannelImpl done
Event: 2.928 Executing VM operation: ICBufferFull done
Event: 2.928 Executing VM operation: HandshakeAllThreads
Event: 2.928 Executing VM operation: HandshakeAllThreads done
Event: 2.928 loading class java/nio/channels/NonWritableChannelException
Event: 2.928 loading class java/nio/channels/NonWritableChannelException done
Event: 2.929 loading class sun/nio/ch/ChannelInputStream
Event: 2.929 loading class sun/nio/ch/ChannelInputStream done
Event: 2.989 Executing VM operation: ParallelGCFailedAllocation
Event: 3.036 Executing VM operation: ParallelGCFailedAllocation done
Event: 3.036 Executing VM operation: HandshakeAllThreads
Event: 3.076 Thread 0x000001517d3e8230 Thread added: 0x000001517d3e8230
Event: 3.083 Thread 0x000001517d3e8740 Thread added: 0x000001517d3e8740
Event: 3.141 Executing VM operation: HandshakeAllThreads done
Event: 3.143 loading class java/lang/TypeNotPresentException
Event: 3.143 loading class java/lang/TypeNotPresentException done
Event: 3.209 Thread 0x000001517d3e9b80 Thread added: 0x000001517d3e9b80
Event: 3.219 Thread 0x000001517d3ea5a0 Thread added: 0x000001517d3ea5a0


Dynamic libraries:
0x00007ff625410000 - 0x00007ff62541f000 	J:\Java\jdk-15.0.2\bin\java.exe
0x00007fff64470000 - 0x00007fff64665000 	C:\WINDOWS\SYSTEM32\ntdll.dll
0x00007fff62d30000 - 0x00007fff62dee000 	C:\WINDOWS\System32\KERNEL32.DLL
0x00007fff61f70000 - 0x00007fff62239000 	C:\WINDOWS\System32\KERNELBASE.dll
0x00007fff61b90000 - 0x00007fff61c90000 	C:\WINDOWS\System32\ucrtbase.dll
0x00007fff57fc0000 - 0x00007fff57fd9000 	J:\Java\jdk-15.0.2\bin\VCRUNTIME140.dll
0x00007fff5ce30000 - 0x00007fff5ce48000 	J:\Java\jdk-15.0.2\bin\jli.dll
0x00007fff629d0000 - 0x00007fff62a7c000 	C:\WINDOWS\System32\ADVAPI32.dll
0x00007fff628b0000 - 0x00007fff6294e000 	C:\WINDOWS\System32\msvcrt.dll
0x00007fff626f0000 - 0x00007fff6278b000 	C:\WINDOWS\System32\sechost.dll
0x00007fff63cb0000 - 0x00007fff63dda000 	C:\WINDOWS\System32\RPCRT4.dll
0x00007fff62540000 - 0x00007fff626e1000 	C:\WINDOWS\System32\USER32.dll
0x00007fff61f40000 - 0x00007fff61f62000 	C:\WINDOWS\System32\win32u.dll
0x00007fff627f0000 - 0x00007fff6281b000 	C:\WINDOWS\System32\GDI32.dll
0x00007fff62240000 - 0x00007fff6234b000 	C:\WINDOWS\System32\gdi32full.dll
0x00007fff4eeb0000 - 0x00007fff4f14a000 	C:\WINDOWS\WinSxS\amd64_microsoft.windows.common-controls_6595b64144ccf1df_6.0.19041.1110_none_60b5254171f9507e\COMCTL32.dll
0x00007fff61ea0000 - 0x00007fff61f3d000 	C:\WINDOWS\System32\msvcp_win.dll
0x00007fff5b330000 - 0x00007fff5b33a000 	C:\WINDOWS\SYSTEM32\VERSION.dll
0x00007fff62af0000 - 0x00007fff62b20000 	C:\WINDOWS\System32\IMM32.DLL
0x00007fff5cf20000 - 0x00007fff5cf2c000 	J:\Java\jdk-15.0.2\bin\vcruntime140_1.dll
0x00007fff10c50000 - 0x00007fff10ce1000 	J:\Java\jdk-15.0.2\bin\msvcp140.dll
0x00007ffec4c90000 - 0x00007ffec57ee000 	J:\Java\jdk-15.0.2\bin\server\jvm.dll
0x00007fff62df0000 - 0x00007fff62df8000 	C:\WINDOWS\System32\PSAPI.DLL
0x00007fff46b80000 - 0x00007fff46b89000 	C:\WINDOWS\SYSTEM32\WSOCK32.dll
0x00007fff63350000 - 0x00007fff633bb000 	C:\WINDOWS\System32\WS2_32.dll
0x00007fff572d0000 - 0x00007fff572f7000 	C:\WINDOWS\SYSTEM32\WINMM.dll
0x00007fff5fab0000 - 0x00007fff5fac2000 	C:\WINDOWS\SYSTEM32\kernel.appcore.dll
0x00007fff56d20000 - 0x00007fff56d2a000 	J:\Java\jdk-15.0.2\bin\jimage.dll
0x00007fff55b20000 - 0x00007fff55d04000 	C:\WINDOWS\SYSTEM32\DBGHELP.DLL
0x00007fff46770000 - 0x00007fff4679c000 	C:\WINDOWS\SYSTEM32\dbgcore.DLL
0x00007fff62430000 - 0x00007fff624b3000 	C:\WINDOWS\System32\bcryptPrimitives.dll
0x00007fff52900000 - 0x00007fff52925000 	J:\Java\jdk-15.0.2\bin\java.dll
0x00007fff63490000 - 0x00007fff63bcf000 	C:\WINDOWS\System32\SHELL32.dll
0x00007fff5fcb0000 - 0x00007fff60440000 	C:\WINDOWS\SYSTEM32\windows.storage.dll
0x00007fff62fe0000 - 0x00007fff63335000 	C:\WINDOWS\System32\combase.dll
0x00007fff615e0000 - 0x00007fff6160c000 	C:\WINDOWS\SYSTEM32\Wldp.dll
0x00007fff62e00000 - 0x00007fff62ead000 	C:\WINDOWS\System32\SHCORE.dll
0x00007fff62790000 - 0x00007fff627e5000 	C:\WINDOWS\System32\shlwapi.dll
0x00007fff61ad0000 - 0x00007fff61aef000 	C:\WINDOWS\SYSTEM32\profapi.dll
0x00007fff55200000 - 0x00007fff55219000 	J:\Java\jdk-15.0.2\bin\net.dll
0x00007fff5ccb0000 - 0x00007fff5cdb8000 	C:\WINDOWS\SYSTEM32\WINHTTP.dll
0x00007fff61340000 - 0x00007fff613aa000 	C:\WINDOWS\system32\mswsock.dll
0x00007fff54df0000 - 0x00007fff54e02000 	J:\Java\jdk-15.0.2\bin\nio.dll
0x00007fff4e0e0000 - 0x00007fff4e0f8000 	J:\Java\jdk-15.0.2\bin\zip.dll
0x00007fff61530000 - 0x00007fff61548000 	C:\WINDOWS\SYSTEM32\CRYPTSP.dll
0x00007fff60c50000 - 0x00007fff60c84000 	C:\WINDOWS\system32\rsaenh.dll
0x00007fff623b0000 - 0x00007fff623d7000 	C:\WINDOWS\System32\bcrypt.dll
0x00007fff61a90000 - 0x00007fff61abe000 	C:\WINDOWS\SYSTEM32\USERENV.dll
0x00007fff61550000 - 0x00007fff6155c000 	C:\WINDOWS\SYSTEM32\CRYPTBASE.dll
0x00007fff60fe0000 - 0x00007fff6101b000 	C:\WINDOWS\SYSTEM32\IPHLPAPI.DLL
0x00007fff62a80000 - 0x00007fff62a88000 	C:\WINDOWS\System32\NSI.dll
0x00007fff5aba0000 - 0x00007fff5abb7000 	C:\WINDOWS\SYSTEM32\dhcpcsvc6.DLL
0x00007fff5b270000 - 0x00007fff5b28d000 	C:\WINDOWS\SYSTEM32\dhcpcsvc.DLL
0x00007fff61020000 - 0x00007fff610ec000 	C:\WINDOWS\SYSTEM32\DNSAPI.dll
0x00007fff3a010000 - 0x00007fff3a04e000 	C:\Users\Jared\AppData\Roaming\Code\User\globalStorage\redhat.java\1.0.0\config_win\org.eclipse.equinox.launcher\org.eclipse.equinox.launcher.win32.win32.x86_64_1.2.400.v20210928-1041\eclipse_11600.dll
0x00007fff62eb0000 - 0x00007fff62fda000 	C:\WINDOWS\System32\ole32.dll
0x00007fff56d10000 - 0x00007fff56d20000 	J:\Java\jdk-15.0.2\bin\verify.dll
0x00007fff4d5b0000 - 0x00007fff4d5c1000 	C:\Users\Jared\AppData\Roaming\Code\User\globalStorage\redhat.java\1.0.0\config_win\org.eclipse.osgi\22\0\.cp\jWinHttp-1.0.0.dll

dbghelp: loaded successfully - version: 4.0.5 - missing functions: none
symbol engine: initialized successfully - sym options: 0x614 - pdb path: .;J:\Java\jdk-15.0.2\bin;C:\WINDOWS\SYSTEM32;C:\WINDOWS\WinSxS\amd64_microsoft.windows.common-controls_6595b64144ccf1df_6.0.19041.1110_none_60b5254171f9507e;J:\Java\jdk-15.0.2\bin\server;C:\Users\Jared\AppData\Roaming\Code\User\globalStorage\redhat.java\1.0.0\config_win\org.eclipse.equinox.launcher\org.eclipse.equinox.launcher.win32.win32.x86_64_1.2.400.v20210928-1041;C:\Users\Jared\AppData\Roaming\Code\User\globalStorage\redhat.java\1.0.0\config_win\org.eclipse.osgi\22\0\.cp

VM Arguments:
jvm_args: --add-modules=ALL-SYSTEM --add-opens=java.base/java.util=ALL-UNNAMED --add-opens=java.base/java.lang=ALL-UNNAMED -Declipse.application=org.eclipse.jdt.ls.core.id1 -Dosgi.bundles.defaultStartLevel=4 -Declipse.product=org.eclipse.jdt.ls.core.product -Dfile.encoding=utf8 -DwatchParentProcess=false -XX:+UseParallelGC -XX:GCTimeRatio=4 -XX:AdaptiveSizePolicyWeight=90 -Dsun.zip.disableMemoryMapping=true -Xmx1G -Xms100m 
java_command: c:\Users\Jared\.vscode\extensions\redhat.java-1.0.0\server\plugins\org.eclipse.equinox.launcher_1.6.400.v20210924-0641.jar -configuration c:\Users\Jared\AppData\Roaming\Code\User\globalStorage\redhat.java\1.0.0\config_win -data c:\Users\Jared\AppData\Roaming\Code\User\workspaceStorage\717bee0e3505266a9bf6a70bb022030f\redhat.java\jdt_ws
java_class_path (initial): c:\Users\Jared\.vscode\extensions\redhat.java-1.0.0\server\plugins\org.eclipse.equinox.launcher_1.6.400.v20210924-0641.jar
Launcher Type: SUN_STANDARD

[Global flags]
    uintx AdaptiveSizePolicyWeight                 = 90                                        {product} {command line}
     intx CICompilerCount                          = 12                                        {product} {ergonomic}
    uintx GCTimeRatio                              = 4                                         {product} {command line}
   size_t InitialHeapSize                          = 104857600                                 {product} {command line}
   size_t MaxHeapSize                              = 1073741824                                {product} {command line}
   size_t MaxNewSize                               = 357564416                                 {product} {ergonomic}
   size_t MinHeapDeltaBytes                        = 524288                                    {product} {ergonomic}
   size_t MinHeapSize                              = 104857600                                 {product} {command line}
   size_t NewSize                                  = 34603008                                  {product} {ergonomic}
    uintx NonNMethodCodeHeapSize                   = 7602480                                {pd product} {ergonomic}
    uintx NonProfiledCodeHeapSize                  = 122027880                              {pd product} {ergonomic}
   size_t OldSize                                  = 70254592                                  {product} {ergonomic}
    uintx ProfiledCodeHeapSize                     = 122027880                              {pd product} {ergonomic}
    uintx ReservedCodeCacheSize                    = 251658240                              {pd product} {ergonomic}
     bool SegmentedCodeCache                       = true                                      {product} {ergonomic}
   size_t SoftMaxHeapSize                          = 1073741824                             {manageable} {ergonomic}
     bool UseCompressedClassPointers               = true                                 {lp64_product} {ergonomic}
     bool UseCompressedOops                        = true                                 {lp64_product} {ergonomic}
     bool UseLargePagesIndividualAllocation        = false                                  {pd product} {ergonomic}
     bool UseParallelGC                            = true                                      {product} {command line}

Logging:
Log output configuration:
 #0: stdout all=warning uptime,level,tags
 #1: stderr all=off uptime,level,tags

Environment Variables:
PATH=C:\Program Files\Common Files\Oracle\Java\javapath;C:\Program Files (x86)\Razer\ChromaBroadcast\bin;C:\Program Files\Razer\ChromaBroadcast\bin;C:\Program Files (x86)\Razer Chroma SDK\bin;C:\Program Files\Razer Chroma SDK\bin;c:\program files (x86)\razer chroma sdk\bin;c:\program files\razer chroma sdk\bin;c:\windows\system32;c:\windows;c:\windows\system32\wbem;c:\windows\system32\windowspowershell\v1.0\;c:\windows\system32\config\systemprofile\appdata\local\microsoft\windowsapps;c:\windows\system32\openssh\;c:\program files (x86)\nvidia corporation\physx\common;C:\WINDOWS\system32\config\systemprofile\AppData\Local\Microsoft\WindowsApps;C:\Program Files\NVIDIA Corporation\NVIDIA NvDLISR;C:\WINDOWS\system32;C:\WINDOWS;C:\WINDOWS\System32\Wbem;C:\WINDOWS\System32\WindowsPowerShell\v1.0\;C:\WINDOWS\System32\OpenSSH\;C:\Program Files\dotnet\;C:\Program Files\Git LFS;C:\Program Files\Microsoft SQL Server\130\Tools\Binn\;C:\Program Files\Microsoft SQL Server\Client SDK\ODBC\170\Tools\Binn\;C:\Program Files\Git\cmd;C:\Users\Jared\AppData\Local\Microsoft\WindowsApps;C:\Users\Jared\AppData\Local\GitHubDesktop\bin;C:\Users\Jared\.dotnet\tools;C:\Users\Jared\AppData\Local\Programs\Microsoft VS Code\bin
USERNAME=Jared
OS=Windows_NT
PROCESSOR_IDENTIFIER=AMD64 Family 23 Model 1 Stepping 1, AuthenticAMD



---------------  S Y S T E M  ---------------

OS:
 Windows 10 , 64 bit Build 19041 (10.0.19041.1202)
OS uptime: 13 days 0:57 hours

CPU: total 16 (initial active 16) (16 cores per cpu, 2 threads per core) family 23 model 1 stepping 1 microcode 0x0, cmov, cx8, fxsr, mmx, sse, sse2, sse3, ssse3, sse4.1, sse4.2, popcnt, vzeroupper, avx, avx2, aes, clmul, 3dnowpref, lzcnt, sse4a, ht, tsc, tscinvbit, tscinv, bmi1, bmi2, adx, sha, fma, clflush, clflushopt

Memory: 4k page, system-wide physical 32695M (16207M free)
TotalPageFile size 37559M (AvailPageFile size 14871M)
current process WorkingSet (physical memory assigned to process): 239M, peak: 241M
current process commit charge ("private bytes"): 365M, peak: 367M

vm_info: Java HotSpot(TM) 64-Bit Server VM (15.0.2+7-27) for windows-amd64 JRE (15.0.2+7-27), built on Dec  7 2020 20:07:01 by "mach5one" with unknown MS VC++:1925

END.
